1659177173704	geckodriver	INFO	Listening on 127.0.0.1:51973
1659177176779	mozrunner::runner	INFO	Running command: "C:\\Program Files\\Mozilla Firefox\\firefox.exe" "--marionette" "--remote-debugging-port" "51974" "--remote-allow-hosts" "localhost" "-no-remote" "-profile" "C:\\Users\\Rybzki\\AppData\\Local\\Temp\\rust_mozprofileN8qNs6"
1659177177155	Marionette	INFO	Marionette enabled
1659177177164	Marionette	INFO	Listening on port 51984
WebDriver BiDi listening on ws://localhost:51974
Read port: 51984
1659177177279	RemoteAgent	WARN	TLS certificate errors will be ignored for this session
console.warn: SearchSettings: "get: No settings file exists, new profile?" (new NotFoundError("Could not open the file at C:\\Users\\Rybzki\\AppData\\Local\\Temp\\rust_mozprofileN8qNs6\\search.json.mozlz4", (void 0)))
DevTools listening on ws://localhost:51974/devtools/browser/5cbb216c-10b3-47ad-bf7c-c59b44d92bc5
console.warn: LoginRecipes: "getRecipes: falling back to a synchronous message for:" "https://opensource-demo.orangehrmlive.com"
console.warn: LoginRecipes: "getRecipes: falling back to a synchronous message for:" "https://opensource-demo.orangehrmlive.com"
JavaScript error: resource://gre/modules/LoginManagerParent.jsm, line 136: TypeError: gRecipeManager is null
1659177194988	Marionette	INFO	Stopped listening on port 51984
1659177204375	geckodriver	INFO	Listening on 127.0.0.1:52022
1659177207421	mozrunner::runner	INFO	Running command: "C:\\Program Files\\Mozilla Firefox\\firefox.exe" "--marionette" "--remote-debugging-port" "52023" "--remote-allow-hosts" "localhost" "-no-remote" "-profile" "C:\\Users\\Rybzki\\AppData\\Local\\Temp\\rust_mozprofileIwuF2u"
1659177207777	Marionette	INFO	Marionette enabled
1659177207782	Marionette	INFO	Listening on port 52033
WebDriver BiDi listening on ws://localhost:52023
Read port: 52033
1659177207911	RemoteAgent	WARN	TLS certificate errors will be ignored for this session
console.warn: SearchSettings: "get: No settings file exists, new profile?" (new NotFoundError("Could not open the file at C:\\Users\\Rybzki\\AppData\\Local\\Temp\\rust_mozprofileIwuF2u\\search.json.mozlz4", (void 0)))
DevTools listening on ws://localhost:52023/devtools/browser/4c7ff8c2-3bcd-4352-a627-dd11a65308a1
console.warn: LoginRecipes: "getRecipes: falling back to a synchronous message for:" "https://opensource-demo.orangehrmlive.com"
console.warn: LoginRecipes: "getRecipes: falling back to a synchronous message for:" "https://opensource-demo.orangehrmlive.com"
JavaScript error: resource://gre/modules/LoginManagerParent.jsm, line 136: TypeError: gRecipeManager is null
1659177229160	Marionette	INFO	Stopped listening on port 52033
1659178075906	geckodriver	INFO	Listening on 127.0.0.1:52173
1659178078991	mozrunner::runner	INFO	Running command: "C:\\Program Files\\Mozilla Firefox\\firefox.exe" "--marionette" "--remote-debugging-port" "52174" "--remote-allow-hosts" "localhost" "-no-remote" "-profile" "C:\\Users\\Rybzki\\AppData\\Local\\Temp\\rust_mozprofile0ES8sQ"
1659178079350	Marionette	INFO	Marionette enabled
1659178079354	Marionette	INFO	Listening on port 52184
WebDriver BiDi listening on ws://localhost:52174
Read port: 52184
1659178079484	RemoteAgent	WARN	TLS certificate errors will be ignored for this session
console.warn: SearchSettings: "get: No settings file exists, new profile?" (new NotFoundError("Could not open the file at C:\\Users\\Rybzki\\AppData\\Local\\Temp\\rust_mozprofile0ES8sQ\\search.json.mozlz4", (void 0)))
DevTools listening on ws://localhost:52174/devtools/browser/8978256e-c0eb-409e-bd32-cd06cb4c6e8e
1659178081051	Marionette	INFO	Stopped listening on port 52184
1659178081769	geckodriver	INFO	Listening on 127.0.0.1:52195
1659178084824	mozrunner::runner	INFO	Running command: "C:\\Program Files\\Mozilla Firefox\\firefox.exe" "--marionette" "--remote-debugging-port" "52196" "--remote-allow-hosts" "localhost" "-no-remote" "-profile" "C:\\Users\\Rybzki\\AppData\\Local\\Temp\\rust_mozprofileSB3Fpc"
1659178085199	Marionette	INFO	Marionette enabled
1659178085203	Marionette	INFO	Listening on port 52206
WebDriver BiDi listening on ws://localhost:52196
Read port: 52206
1659178085345	RemoteAgent	WARN	TLS certificate errors will be ignored for this session
console.warn: SearchSettings: "get: No settings file exists, new profile?" (new NotFoundError("Could not open the file at C:\\Users\\Rybzki\\AppData\\Local\\Temp\\rust_mozprofileSB3Fpc\\search.json.mozlz4", (void 0)))
DevTools listening on ws://localhost:52196/devtools/browser/c08c9442-5373-455e-a1ef-03d68cba927a
console.warn: LoginRecipes: "getRecipes: falling back to a synchronous message for:" "https://opensource-demo.orangehrmlive.com"
console.warn: LoginRecipes: "getRecipes: falling back to a synchronous message for:" "https://opensource-demo.orangehrmlive.com"
JavaScript error: resource://gre/modules/LoginManagerParent.jsm, line 136: TypeError: gRecipeManager is null
1659178104369	Marionette	INFO	Stopped listening on port 52206
1659178156941	geckodriver	INFO	Listening on 127.0.0.1:52250
1659178159983	mozrunner::runner	INFO	Running command: "C:\\Program Files\\Mozilla Firefox\\firefox.exe" "--marionette" "--remote-debugging-port" "52251" "--remote-allow-hosts" "localhost" "-no-remote" "-profile" "C:\\Users\\Rybzki\\AppData\\Local\\Temp\\rust_mozprofilem20CVt"
1659178160339	Marionette	INFO	Marionette enabled
1659178160344	Marionette	INFO	Listening on port 52261
WebDriver BiDi listening on ws://localhost:52251
Read port: 52261
1659178160470	RemoteAgent	WARN	TLS certificate errors will be ignored for this session
console.warn: SearchSettings: "get: No settings file exists, new profile?" (new NotFoundError("Could not open the file at C:\\Users\\Rybzki\\AppData\\Local\\Temp\\rust_mozprofilem20CVt\\search.json.mozlz4", (void 0)))
DevTools listening on ws://localhost:52251/devtools/browser/435c66cc-78a7-4ed7-8e73-2aed25d7dc33
console.warn: LoginRecipes: "getRecipes: falling back to a synchronous message for:" "https://opensource-demo.orangehrmlive.com"
console.warn: LoginRecipes: "getRecipes: falling back to a synchronous message for:" "https://opensource-demo.orangehrmlive.com"
JavaScript error: resource://gre/modules/LoginManagerParent.jsm, line 136: TypeError: gRecipeManager is null
1659178177515	Marionette	INFO	Stopped listening on port 52261
1659178242572	geckodriver	INFO	Listening on 127.0.0.1:52304
1659178245628	mozrunner::runner	INFO	Running command: "C:\\Program Files\\Mozilla Firefox\\firefox.exe" "--marionette" "--remote-debugging-port" "52305" "--remote-allow-hosts" "localhost" "-no-remote" "-profile" "C:\\Users\\Rybzki\\AppData\\Local\\Temp\\rust_mozprofilehrmdyY"
1659178245990	Marionette	INFO	Marionette enabled
1659178245995	Marionette	INFO	Listening on port 52315
WebDriver BiDi listening on ws://localhost:52305
Read port: 52315
1659178246207	RemoteAgent	WARN	TLS certificate errors will be ignored for this session
console.warn: SearchSettings: "get: No settings file exists, new profile?" (new NotFoundError("Could not open the file at C:\\Users\\Rybzki\\AppData\\Local\\Temp\\rust_mozprofilehrmdyY\\search.json.mozlz4", (void 0)))
DevTools listening on ws://localhost:52305/devtools/browser/1e45e055-8909-4856-b2ba-79d1cdf25c62
console.warn: LoginRecipes: "getRecipes: falling back to a synchronous message for:" "https://opensource-demo.orangehrmlive.com"
console.warn: LoginRecipes: "getRecipes: falling back to a synchronous message for:" "https://opensource-demo.orangehrmlive.com"
JavaScript error: resource://gre/modules/LoginManagerParent.jsm, line 136: TypeError: gRecipeManager is null
1659178269886	Marionette	INFO	Stopped listening on port 52315
1659178278935	geckodriver	INFO	Listening on 127.0.0.1:52357
1659178281971	mozrunner::runner	INFO	Running command: "C:\\Program Files\\Mozilla Firefox\\firefox.exe" "--marionette" "--remote-debugging-port" "52358" "--remote-allow-hosts" "localhost" "-no-remote" "-profile" "C:\\Users\\Rybzki\\AppData\\Local\\Temp\\rust_mozprofilebdNEWu"
1659178282329	Marionette	INFO	Marionette enabled
1659178282334	Marionette	INFO	Listening on port 52368
WebDriver BiDi listening on ws://localhost:52358
Read port: 52368
1659178282549	RemoteAgent	WARN	TLS certificate errors will be ignored for this session
console.warn: SearchSettings: "get: No settings file exists, new profile?" (new NotFoundError("Could not open the file at C:\\Users\\Rybzki\\AppData\\Local\\Temp\\rust_mozprofilebdNEWu\\search.json.mozlz4", (void 0)))
DevTools listening on ws://localhost:52358/devtools/browser/208cee60-5e6a-4a58-b456-bec20c4ab94b
1659178284065	Marionette	INFO	Stopped listening on port 52368
1659178284663	geckodriver	INFO	Listening on 127.0.0.1:52378
1659178287731	mozrunner::runner	INFO	Running command: "C:\\Program Files\\Mozilla Firefox\\firefox.exe" "--marionette" "--remote-debugging-port" "52379" "--remote-allow-hosts" "localhost" "-no-remote" "-profile" "C:\\Users\\Rybzki\\AppData\\Local\\Temp\\rust_mozprofileUIIhqi"
1659178288139	Marionette	INFO	Marionette enabled
1659178288143	Marionette	INFO	Listening on port 52389
WebDriver BiDi listening on ws://localhost:52379
Read port: 52389
1659178288269	RemoteAgent	WARN	TLS certificate errors will be ignored for this session
console.warn: SearchSettings: "get: No settings file exists, new profile?" (new NotFoundError("Could not open the file at C:\\Users\\Rybzki\\AppData\\Local\\Temp\\rust_mozprofileUIIhqi\\search.json.mozlz4", (void 0)))
DevTools listening on ws://localhost:52379/devtools/browser/88bdf29c-4bf4-40ca-affa-0c206646cbc7
console.warn: LoginRecipes: "getRecipes: falling back to a synchronous message for:" "https://opensource-demo.orangehrmlive.com"
console.warn: LoginRecipes: "getRecipes: falling back to a synchronous message for:" "https://opensource-demo.orangehrmlive.com"
JavaScript error: resource://gre/modules/LoginManagerParent.jsm, line 136: TypeError: gRecipeManager is null
1659178311481	Marionette	INFO	Stopped listening on port 52389
1659178491207	geckodriver	INFO	Listening on 127.0.0.1:52457
1659178494236	mozrunner::runner	INFO	Running command: "C:\\Program Files\\Mozilla Firefox\\firefox.exe" "--marionette" "--remote-debugging-port" "52458" "--remote-allow-hosts" "localhost" "-no-remote" "-profile" "C:\\Users\\Rybzki\\AppData\\Local\\Temp\\rust_mozprofilearFQso"
1659178494596	Marionette	INFO	Marionette enabled
1659178494600	Marionette	INFO	Listening on port 52468
WebDriver BiDi listening on ws://localhost:52458
Read port: 52468
1659178494820	RemoteAgent	WARN	TLS certificate errors will be ignored for this session
console.warn: SearchSettings: "get: No settings file exists, new profile?" (new NotFoundError("Could not open the file at C:\\Users\\Rybzki\\AppData\\Local\\Temp\\rust_mozprofilearFQso\\search.json.mozlz4", (void 0)))
DevTools listening on ws://localhost:52458/devtools/browser/b4a47f03-c04f-4822-b692-20d4f1c4ced7
console.warn: LoginRecipes: "getRecipes: falling back to a synchronous message for:" "https://opensource-demo.orangehrmlive.com"
console.warn: LoginRecipes: "getRecipes: falling back to a synchronous message for:" "https://opensource-demo.orangehrmlive.com"
JavaScript error: resource://gre/modules/LoginManagerParent.jsm, line 136: TypeError: gRecipeManager is null
console.warn: LoginRecipes: "getRecipes: falling back to a synchronous message for:" "https://opensource-demo.orangehrmlive.com"
JavaScript error: resource://gre/modules/LoginManagerParent.jsm, line 136: TypeError: gRecipeManager is null
console.warn: LoginRecipes: "getRecipes: falling back to a synchronous message for:" "https://opensource-demo.orangehrmlive.com"
JavaScript error: resource://gre/modules/LoginManagerParent.jsm, line 136: TypeError: gRecipeManager is null
1659178522376	Marionette	INFO	Stopped listening on port 52468
1659179086767	geckodriver	INFO	Listening on 127.0.0.1:52600
1659179089825	mozrunner::runner	INFO	Running command: "C:\\Program Files\\Mozilla Firefox\\firefox.exe" "--marionette" "--remote-debugging-port" "52601" "--remote-allow-hosts" "localhost" "-no-remote" "-profile" "C:\\Users\\Rybzki\\AppData\\Local\\Temp\\rust_mozprofileOcupJS"
1659179090188	Marionette	INFO	Marionette enabled
1659179090193	Marionette	INFO	Listening on port 52612
WebDriver BiDi listening on ws://localhost:52601
Read port: 52612
1659179090302	RemoteAgent	WARN	TLS certificate errors will be ignored for this session
console.warn: SearchSettings: "get: No settings file exists, new profile?" (new NotFoundError("Could not open the file at C:\\Users\\Rybzki\\AppData\\Local\\Temp\\rust_mozprofileOcupJS\\search.json.mozlz4", (void 0)))
DevTools listening on ws://localhost:52601/devtools/browser/0d238db6-e8da-4746-9096-4f2c53a24cbc
console.warn: LoginRecipes: "getRecipes: falling back to a synchronous message for:" "https://opensource-demo.orangehrmlive.com"
console.warn: LoginRecipes: "getRecipes: falling back to a synchronous message for:" "https://opensource-demo.orangehrmlive.com"
JavaScript error: resource://gre/modules/LoginManagerParent.jsm, line 136: TypeError: gRecipeManager is null
console.warn: LoginRecipes: "getRecipes: falling back to a synchronous message for:" "https://opensource-demo.orangehrmlive.com"
JavaScript error: resource://gre/modules/LoginManagerParent.jsm, line 136: TypeError: gRecipeManager is null
console.warn: LoginRecipes: "getRecipes: falling back to a synchronous message for:" "https://opensource-demo.orangehrmlive.com"
JavaScript error: resource://gre/modules/LoginManagerParent.jsm, line 136: TypeError: gRecipeManager is null
1659179118365	Marionette	INFO	Stopped listening on port 52612
1659179185542	geckodriver	INFO	Listening on 127.0.0.1:52649
1659179188589	mozrunner::runner	INFO	Running command: "C:\\Program Files\\Mozilla Firefox\\firefox.exe" "--marionette" "--remote-debugging-port" "52650" "--remote-allow-hosts" "localhost" "-no-remote" "-profile" "C:\\Users\\Rybzki\\AppData\\Local\\Temp\\rust_mozprofile1yPe4L"
1659179188945	Marionette	INFO	Marionette enabled
1659179188949	Marionette	INFO	Listening on port 52660
WebDriver BiDi listening on ws://localhost:52650
Read port: 52660
1659179189162	RemoteAgent	WARN	TLS certificate errors will be ignored for this session
console.warn: SearchSettings: "get: No settings file exists, new profile?" (new NotFoundError("Could not open the file at C:\\Users\\Rybzki\\AppData\\Local\\Temp\\rust_mozprofile1yPe4L\\search.json.mozlz4", (void 0)))
DevTools listening on ws://localhost:52650/devtools/browser/c6c66982-22b5-4926-b90d-0cd3914e3251
console.warn: LoginRecipes: "getRecipes: falling back to a synchronous message for:" "https://opensource-demo.orangehrmlive.com"
console.warn: LoginRecipes: "getRecipes: falling back to a synchronous message for:" "https://opensource-demo.orangehrmlive.com"
JavaScript error: resource://gre/modules/LoginManagerParent.jsm, line 136: TypeError: gRecipeManager is null
console.warn: LoginRecipes: "getRecipes: falling back to a synchronous message for:" "https://opensource-demo.orangehrmlive.com"
JavaScript error: resource://gre/modules/LoginManagerParent.jsm, line 136: TypeError: gRecipeManager is null
console.warn: LoginRecipes: "getRecipes: falling back to a synchronous message for:" "https://opensource-demo.orangehrmlive.com"
JavaScript error: resource://gre/modules/LoginManagerParent.jsm, line 136: TypeError: gRecipeManager is null
1659179217444	Marionette	INFO	Stopped listening on port 52660
1659179492280	geckodriver	INFO	Listening on 127.0.0.1:52752
1659179495333	mozrunner::runner	INFO	Running command: "C:\\Program Files\\Mozilla Firefox\\firefox.exe" "--marionette" "--remote-debugging-port" "52753" "--remote-allow-hosts" "localhost" "-no-remote" "-profile" "C:\\Users\\Rybzki\\AppData\\Local\\Temp\\rust_mozprofileAVPxSe"
1659179495697	Marionette	INFO	Marionette enabled
1659179495701	Marionette	INFO	Listening on port 52763
WebDriver BiDi listening on ws://localhost:52753
Read port: 52763
1659179495813	RemoteAgent	WARN	TLS certificate errors will be ignored for this session
console.warn: SearchSettings: "get: No settings file exists, new profile?" (new NotFoundError("Could not open the file at C:\\Users\\Rybzki\\AppData\\Local\\Temp\\rust_mozprofileAVPxSe\\search.json.mozlz4", (void 0)))
DevTools listening on ws://localhost:52753/devtools/browser/93011cbf-49b4-4041-8603-ef3abda405c3
console.warn: LoginRecipes: "getRecipes: falling back to a synchronous message for:" "https://opensource-demo.orangehrmlive.com"
console.warn: LoginRecipes: "getRecipes: falling back to a synchronous message for:" "https://opensource-demo.orangehrmlive.com"
JavaScript error: resource://gre/modules/LoginManagerParent.jsm, line 136: TypeError: gRecipeManager is null
console.warn: LoginRecipes: "getRecipes: falling back to a synchronous message for:" "https://opensource-demo.orangehrmlive.com"
JavaScript error: resource://gre/modules/LoginManagerParent.jsm, line 136: TypeError: gRecipeManager is null
console.warn: LoginRecipes: "getRecipes: falling back to a synchronous message for:" "https://opensource-demo.orangehrmlive.com"
JavaScript error: resource://gre/modules/LoginManagerParent.jsm, line 136: TypeError: gRecipeManager is null
1659179521913	Marionette	INFO	Stopped listening on port 52763
1659179662204	geckodriver	INFO	Listening on 127.0.0.1:52807
1659179665226	mozrunner::runner	INFO	Running command: "C:\\Program Files\\Mozilla Firefox\\firefox.exe" "--marionette" "--remote-debugging-port" "52808" "--remote-allow-hosts" "localhost" "-no-remote" "-profile" "C:\\Users\\Rybzki\\AppData\\Local\\Temp\\rust_mozprofilegQ1NI9"
1659179665580	Marionette	INFO	Marionette enabled
1659179665584	Marionette	INFO	Listening on port 52817
WebDriver BiDi listening on ws://localhost:52808
Read port: 52817
1659179665797	RemoteAgent	WARN	TLS certificate errors will be ignored for this session
console.warn: SearchSettings: "get: No settings file exists, new profile?" (new NotFoundError("Could not open the file at C:\\Users\\Rybzki\\AppData\\Local\\Temp\\rust_mozprofilegQ1NI9\\search.json.mozlz4", (void 0)))
DevTools listening on ws://localhost:52808/devtools/browser/80be1644-72a3-4920-afc5-492fb98e53fc
console.warn: LoginRecipes: "getRecipes: falling back to a synchronous message for:" "https://opensource-demo.orangehrmlive.com"
console.warn: LoginRecipes: "getRecipes: falling back to a synchronous message for:" "https://opensource-demo.orangehrmlive.com"
JavaScript error: resource://gre/modules/LoginManagerParent.jsm, line 136: TypeError: gRecipeManager is null
console.warn: LoginRecipes: "getRecipes: falling back to a synchronous message for:" "https://opensource-demo.orangehrmlive.com"
JavaScript error: resource://gre/modules/LoginManagerParent.jsm, line 136: TypeError: gRecipeManager is null
console.warn: LoginRecipes: "getRecipes: falling back to a synchronous message for:" "https://opensource-demo.orangehrmlive.com"
JavaScript error: resource://gre/modules/LoginManagerParent.jsm, line 136: TypeError: gRecipeManager is null
1659179698220	Marionette	INFO	Stopped listening on port 52817
1659179771926	geckodriver	INFO	Listening on 127.0.0.1:52869
1659179774987	mozrunner::runner	INFO	Running command: "C:\\Program Files\\Mozilla Firefox\\firefox.exe" "--marionette" "--remote-debugging-port" "52870" "--remote-allow-hosts" "localhost" "-no-remote" "-profile" "C:\\Users\\Rybzki\\AppData\\Local\\Temp\\rust_mozprofile5WYMHu"
1659179775342	Marionette	INFO	Marionette enabled
1659179775346	Marionette	INFO	Listening on port 52880
WebDriver BiDi listening on ws://localhost:52870
Read port: 52880
1659179775565	RemoteAgent	WARN	TLS certificate errors will be ignored for this session
console.warn: SearchSettings: "get: No settings file exists, new profile?" (new NotFoundError("Could not open the file at C:\\Users\\Rybzki\\AppData\\Local\\Temp\\rust_mozprofile5WYMHu\\search.json.mozlz4", (void 0)))
DevTools listening on ws://localhost:52870/devtools/browser/1aa3b3f2-ace9-4c38-a2b1-5fab66b7d43a
console.warn: LoginRecipes: "getRecipes: falling back to a synchronous message for:" "https://opensource-demo.orangehrmlive.com"
console.warn: LoginRecipes: "getRecipes: falling back to a synchronous message for:" "https://opensource-demo.orangehrmlive.com"
JavaScript error: resource://gre/modules/LoginManagerParent.jsm, line 136: TypeError: gRecipeManager is null
console.warn: LoginRecipes: "getRecipes: falling back to a synchronous message for:" "https://opensource-demo.orangehrmlive.com"
JavaScript error: resource://gre/modules/LoginManagerParent.jsm, line 136: TypeError: gRecipeManager is null
console.warn: LoginRecipes: "getRecipes: falling back to a synchronous message for:" "https://opensource-demo.orangehrmlive.com"
JavaScript error: resource://gre/modules/LoginManagerParent.jsm, line 136: TypeError: gRecipeManager is null
1659179801508	Marionette	INFO	Stopped listening on port 52880
1659180546917	geckodriver	INFO	Listening on 127.0.0.1:53130
1659180550011	mozrunner::runner	INFO	Running command: "C:\\Program Files\\Mozilla Firefox\\firefox.exe" "--marionette" "--remote-debugging-port" "53131" "--remote-allow-hosts" "localhost" "-no-remote" "-profile" "C:\\Users\\Rybzki\\AppData\\Local\\Temp\\rust_mozprofileYas8nr"
1659180550369	Marionette	INFO	Marionette enabled
1659180550374	Marionette	INFO	Listening on port 53141
WebDriver BiDi listening on ws://localhost:53131
Read port: 53141
1659180550586	RemoteAgent	WARN	TLS certificate errors will be ignored for this session
console.warn: SearchSettings: "get: No settings file exists, new profile?" (new NotFoundError("Could not open the file at C:\\Users\\Rybzki\\AppData\\Local\\Temp\\rust_mozprofileYas8nr\\search.json.mozlz4", (void 0)))
DevTools listening on ws://localhost:53131/devtools/browser/59d2b3ca-cacf-4364-824e-712dfa308a7a
console.warn: LoginRecipes: "getRecipes: falling back to a synchronous message for:" "https://opensource-demo.orangehrmlive.com"
console.warn: LoginRecipes: "getRecipes: falling back to a synchronous message for:" "https://opensource-demo.orangehrmlive.com"
JavaScript error: resource://gre/modules/LoginManagerParent.jsm, line 136: TypeError: gRecipeManager is null
console.warn: LoginRecipes: "getRecipes: falling back to a synchronous message for:" "https://opensource-demo.orangehrmlive.com"
JavaScript error: resource://gre/modules/LoginManagerParent.jsm, line 136: TypeError: gRecipeManager is null
console.warn: LoginRecipes: "getRecipes: falling back to a synchronous message for:" "https://opensource-demo.orangehrmlive.com"
JavaScript error: resource://gre/modules/LoginManagerParent.jsm, line 136: TypeError: gRecipeManager is null
1659180576388	Marionette	INFO	Stopped listening on port 53141
1659180645522	geckodriver	INFO	Listening on 127.0.0.1:53191
1659180648593	mozrunner::runner	INFO	Running command: "C:\\Program Files\\Mozilla Firefox\\firefox.exe" "--marionette" "--remote-debugging-port" "53192" "--remote-allow-hosts" "localhost" "-no-remote" "-profile" "C:\\Users\\Rybzki\\AppData\\Local\\Temp\\rust_mozprofileMLhueQ"
1659180648947	Marionette	INFO	Marionette enabled
1659180648952	Marionette	INFO	Listening on port 53202
WebDriver BiDi listening on ws://localhost:53192
Read port: 53202
1659180649079	RemoteAgent	WARN	TLS certificate errors will be ignored for this session
console.warn: SearchSettings: "get: No settings file exists, new profile?" (new NotFoundError("Could not open the file at C:\\Users\\Rybzki\\AppData\\Local\\Temp\\rust_mozprofileMLhueQ\\search.json.mozlz4", (void 0)))
DevTools listening on ws://localhost:53192/devtools/browser/9e38a81b-39dd-4fe9-87d4-89a1c81aa918
console.warn: LoginRecipes: "getRecipes: falling back to a synchronous message for:" "https://opensource-demo.orangehrmlive.com"
console.warn: LoginRecipes: "getRecipes: falling back to a synchronous message for:" "https://opensource-demo.orangehrmlive.com"
JavaScript error: resource://gre/modules/LoginManagerParent.jsm, line 136: TypeError: gRecipeManager is null
console.warn: LoginRecipes: "getRecipes: falling back to a synchronous message for:" "https://opensource-demo.orangehrmlive.com"
JavaScript error: resource://gre/modules/LoginManagerParent.jsm, line 136: TypeError: gRecipeManager is null
console.warn: LoginRecipes: "getRecipes: falling back to a synchronous message for:" "https://opensource-demo.orangehrmlive.com"
JavaScript error: resource://gre/modules/LoginManagerParent.jsm, line 136: TypeError: gRecipeManager is null
1659180675905	Marionette	INFO	Stopped listening on port 53202
1659181058118	geckodriver	INFO	Listening on 127.0.0.1:53286
1659181061153	mozrunner::runner	INFO	Running command: "C:\\Program Files\\Mozilla Firefox\\firefox.exe" "--marionette" "--remote-debugging-port" "53287" "--remote-allow-hosts" "localhost" "-no-remote" "-profile" "C:\\Users\\Rybzki\\AppData\\Local\\Temp\\rust_mozprofileJfWV4D"
1659181061516	Marionette	INFO	Marionette enabled
1659181061521	Marionette	INFO	Listening on port 53297
WebDriver BiDi listening on ws://localhost:53287
Read port: 53297
1659181061732	RemoteAgent	WARN	TLS certificate errors will be ignored for this session
console.warn: SearchSettings: "get: No settings file exists, new profile?" (new NotFoundError("Could not open the file at C:\\Users\\Rybzki\\AppData\\Local\\Temp\\rust_mozprofileJfWV4D\\search.json.mozlz4", (void 0)))
DevTools listening on ws://localhost:53287/devtools/browser/a178658c-9d5a-4290-a7b1-8530043a4e23
console.warn: LoginRecipes: "getRecipes: falling back to a synchronous message for:" "https://opensource-demo.orangehrmlive.com"
console.warn: LoginRecipes: "getRecipes: falling back to a synchronous message for:" "https://opensource-demo.orangehrmlive.com"
JavaScript error: resource://gre/modules/LoginManagerParent.jsm, line 136: TypeError: gRecipeManager is null
console.warn: LoginRecipes: "getRecipes: falling back to a synchronous message for:" "https://opensource-demo.orangehrmlive.com"
JavaScript error: resource://gre/modules/LoginManagerParent.jsm, line 136: TypeError: gRecipeManager is null
console.warn: LoginRecipes: "getRecipes: falling back to a synchronous message for:" "https://opensource-demo.orangehrmlive.com"
JavaScript error: resource://gre/modules/LoginManagerParent.jsm, line 136: TypeError: gRecipeManager is null
1659181087021	Marionette	INFO	Stopped listening on port 53297
1659181346571	geckodriver	INFO	Listening on 127.0.0.1:53398
1659181349613	mozrunner::runner	INFO	Running command: "C:\\Program Files\\Mozilla Firefox\\firefox.exe" "--marionette" "--remote-debugging-port" "53399" "--remote-allow-hosts" "localhost" "-no-remote" "-profile" "C:\\Users\\Rybzki\\AppData\\Local\\Temp\\rust_mozprofilec9Bqn7"
1659181349974	Marionette	INFO	Marionette enabled
1659181349978	Marionette	INFO	Listening on port 53409
WebDriver BiDi listening on ws://localhost:53399
Read port: 53409
1659181350198	RemoteAgent	WARN	TLS certificate errors will be ignored for this session
console.warn: SearchSettings: "get: No settings file exists, new profile?" (new NotFoundError("Could not open the file at C:\\Users\\Rybzki\\AppData\\Local\\Temp\\rust_mozprofilec9Bqn7\\search.json.mozlz4", (void 0)))
DevTools listening on ws://localhost:53399/devtools/browser/e7012d8e-1cd8-4a11-bbec-10d912257d6d
console.warn: LoginRecipes: "getRecipes: falling back to a synchronous message for:" "https://opensource-demo.orangehrmlive.com"
console.warn: LoginRecipes: "getRecipes: falling back to a synchronous message for:" "https://opensource-demo.orangehrmlive.com"
JavaScript error: resource://gre/modules/LoginManagerParent.jsm, line 136: TypeError: gRecipeManager is null
console.warn: LoginRecipes: "getRecipes: falling back to a synchronous message for:" "https://opensource-demo.orangehrmlive.com"
JavaScript error: resource://gre/modules/LoginManagerParent.jsm, line 136: TypeError: gRecipeManager is null
console.warn: LoginRecipes: "getRecipes: falling back to a synchronous message for:" "https://opensource-demo.orangehrmlive.com"
JavaScript error: resource://gre/modules/LoginManagerParent.jsm, line 136: TypeError: gRecipeManager is null
1659181375706	Marionette	INFO	Stopped listening on port 53409
1659181413821	geckodriver	INFO	Listening on 127.0.0.1:53461
1659181416881	mozrunner::runner	INFO	Running command: "C:\\Program Files\\Mozilla Firefox\\firefox.exe" "--marionette" "--remote-debugging-port" "53462" "--remote-allow-hosts" "localhost" "-no-remote" "-profile" "C:\\Users\\Rybzki\\AppData\\Local\\Temp\\rust_mozprofilenIuLvQ"
1659181417238	Marionette	INFO	Marionette enabled
1659181417242	Marionette	INFO	Listening on port 53472
WebDriver BiDi listening on ws://localhost:53462
Read port: 53472
1659181417452	RemoteAgent	WARN	TLS certificate errors will be ignored for this session
console.warn: SearchSettings: "get: No settings file exists, new profile?" (new NotFoundError("Could not open the file at C:\\Users\\Rybzki\\AppData\\Local\\Temp\\rust_mozprofilenIuLvQ\\search.json.mozlz4", (void 0)))
DevTools listening on ws://localhost:53462/devtools/browser/2ad644c9-c19d-4ec2-9bbb-ced39d52cb71
console.warn: LoginRecipes: "getRecipes: falling back to a synchronous message for:" "https://opensource-demo.orangehrmlive.com"
console.warn: LoginRecipes: "getRecipes: falling back to a synchronous message for:" "https://opensource-demo.orangehrmlive.com"
JavaScript error: resource://gre/modules/LoginManagerParent.jsm, line 136: TypeError: gRecipeManager is null
console.warn: LoginRecipes: "getRecipes: falling back to a synchronous message for:" "https://opensource-demo.orangehrmlive.com"
JavaScript error: resource://gre/modules/LoginManagerParent.jsm, line 136: TypeError: gRecipeManager is null
console.warn: LoginRecipes: "getRecipes: falling back to a synchronous message for:" "https://opensource-demo.orangehrmlive.com"
JavaScript error: resource://gre/modules/LoginManagerParent.jsm, line 136: TypeError: gRecipeManager is null
1659181443246	Marionette	INFO	Stopped listening on port 53472
1659181577925	geckodriver	INFO	Listening on 127.0.0.1:53515
1659181580967	mozrunner::runner	INFO	Running command: "C:\\Program Files\\Mozilla Firefox\\firefox.exe" "--marionette" "--remote-debugging-port" "53516" "--remote-allow-hosts" "localhost" "-no-remote" "-profile" "C:\\Users\\Rybzki\\AppData\\Local\\Temp\\rust_mozprofileOavBBz"
1659181581322	Marionette	INFO	Marionette enabled
1659181581326	Marionette	INFO	Listening on port 53526
WebDriver BiDi listening on ws://localhost:53516
Read port: 53526
1659181581544	RemoteAgent	WARN	TLS certificate errors will be ignored for this session
console.warn: SearchSettings: "get: No settings file exists, new profile?" (new NotFoundError("Could not open the file at C:\\Users\\Rybzki\\AppData\\Local\\Temp\\rust_mozprofileOavBBz\\search.json.mozlz4", (void 0)))
DevTools listening on ws://localhost:53516/devtools/browser/0e0c5eae-d809-4dfd-971a-20304820f372
console.warn: LoginRecipes: "getRecipes: falling back to a synchronous message for:" "https://opensource-demo.orangehrmlive.com"
console.warn: LoginRecipes: "getRecipes: falling back to a synchronous message for:" "https://opensource-demo.orangehrmlive.com"
JavaScript error: resource://gre/modules/LoginManagerParent.jsm, line 136: TypeError: gRecipeManager is null
console.warn: LoginRecipes: "getRecipes: falling back to a synchronous message for:" "https://opensource-demo.orangehrmlive.com"
JavaScript error: resource://gre/modules/LoginManagerParent.jsm, line 136: TypeError: gRecipeManager is null
console.warn: LoginRecipes: "getRecipes: falling back to a synchronous message for:" "https://opensource-demo.orangehrmlive.com"
JavaScript error: resource://gre/modules/LoginManagerParent.jsm, line 136: TypeError: gRecipeManager is null
1659181607141	Marionette	INFO	Stopped listening on port 53526
